<?xml version="1.0" encoding="UTF-8"?>
<coverage generated="1737131112897" clover="3.2.0">
  <project timestamp="1737131112897" name="All files">
    <metrics statements="174" coveredstatements="169" conditionals="21" coveredconditionals="18" methods="7" coveredmethods="7" elements="202" coveredelements="194" complexity="0" loc="174" ncloc="174" packages="1" files="1" classes="1"/>
    <file name="worker-manager.js" path="/workspaces/sample-job-manager/task-service/src/app/lib/worker-manager.js">
      <metrics statements="174" coveredstatements="169" conditionals="21" coveredconditionals="18" methods="7" coveredmethods="7"/>
      <line num="1" count="1" type="stmt"/>
      <line num="2" count="1" type="stmt"/>
      <line num="3" count="1" type="stmt"/>
      <line num="4" count="1" type="stmt"/>
      <line num="5" count="1" type="stmt"/>
      <line num="6" count="1" type="stmt"/>
      <line num="7" count="1" type="stmt"/>
      <line num="8" count="1" type="stmt"/>
      <line num="9" count="1" type="stmt"/>
      <line num="10" count="1" type="stmt"/>
      <line num="11" count="1" type="stmt"/>
      <line num="12" count="1" type="stmt"/>
      <line num="13" count="1" type="stmt"/>
      <line num="14" count="1" type="stmt"/>
      <line num="15" count="1" type="stmt"/>
      <line num="16" count="1" type="stmt"/>
      <line num="17" count="1" type="stmt"/>
      <line num="18" count="1" type="stmt"/>
      <line num="19" count="1" type="stmt"/>
      <line num="20" count="1" type="stmt"/>
      <line num="21" count="1" type="stmt"/>
      <line num="22" count="1" type="stmt"/>
      <line num="23" count="1" type="stmt"/>
      <line num="24" count="1" type="stmt"/>
      <line num="25" count="1" type="stmt"/>
      <line num="26" count="1" type="stmt"/>
      <line num="27" count="1" type="stmt"/>
      <line num="28" count="1" type="stmt"/>
      <line num="29" count="1" type="stmt"/>
      <line num="30" count="1" type="stmt"/>
      <line num="31" count="1" type="stmt"/>
      <line num="32" count="1" type="stmt"/>
      <line num="33" count="1" type="stmt"/>
      <line num="34" count="1" type="stmt"/>
      <line num="35" count="1" type="stmt"/>
      <line num="36" count="1" type="stmt"/>
      <line num="37" count="1" type="stmt"/>
      <line num="38" count="1" type="stmt"/>
      <line num="39" count="1" type="stmt"/>
      <line num="40" count="1" type="stmt"/>
      <line num="41" count="1" type="stmt"/>
      <line num="42" count="1" type="stmt"/>
      <line num="43" count="1" type="stmt"/>
      <line num="44" count="1" type="stmt"/>
      <line num="45" count="1" type="cond" truecount="1" falsecount="0"/>
      <line num="46" count="12" type="stmt"/>
      <line num="47" count="12" type="stmt"/>
      <line num="48" count="12" type="stmt"/>
      <line num="49" count="12" type="stmt"/>
      <line num="50" count="12" type="stmt"/>
      <line num="51" count="12" type="stmt"/>
      <line num="52" count="12" type="stmt"/>
      <line num="53" count="12" type="stmt"/>
      <line num="54" count="12" type="stmt"/>
      <line num="55" count="12" type="stmt"/>
      <line num="56" count="12" type="stmt"/>
      <line num="57" count="12" type="stmt"/>
      <line num="58" count="12" type="stmt"/>
      <line num="59" count="12" type="stmt"/>
      <line num="60" count="12" type="cond" truecount="1" falsecount="0"/>
      <line num="61" count="12" type="cond" truecount="1" falsecount="0"/>
      <line num="62" count="2" type="stmt"/>
      <line num="63" count="2" type="cond" truecount="1" falsecount="0"/>
      <line num="64" count="10" type="stmt"/>
      <line num="65" count="10" type="stmt"/>
      <line num="66" count="12" type="stmt"/>
      <line num="67" count="12" type="stmt"/>
      <line num="68" count="12" type="stmt"/>
      <line num="69" count="12" type="stmt"/>
      <line num="70" count="12" type="stmt"/>
      <line num="71" count="12" type="stmt"/>
      <line num="72" count="12" type="stmt"/>
      <line num="73" count="12" type="stmt"/>
      <line num="74" count="12" type="stmt"/>
      <line num="75" count="12" type="stmt"/>
      <line num="76" count="12" type="cond" truecount="1" falsecount="0"/>
      <line num="77" count="7" type="stmt"/>
      <line num="78" count="7" type="stmt"/>
      <line num="79" count="12" type="stmt"/>
      <line num="80" count="12" type="stmt"/>
      <line num="81" count="12" type="stmt"/>
      <line num="82" count="12" type="stmt"/>
      <line num="83" count="12" type="stmt"/>
      <line num="84" count="12" type="cond" truecount="1" falsecount="0"/>
      <line num="85" count="8" type="cond" truecount="1" falsecount="0"/>
      <line num="86" count="1" type="stmt"/>
      <line num="87" count="1" type="stmt"/>
      <line num="88" count="1" type="cond" truecount="1" falsecount="0"/>
      <line num="89" count="7" type="stmt"/>
      <line num="90" count="7" type="stmt"/>
      <line num="91" count="7" type="stmt"/>
      <line num="92" count="7" type="stmt"/>
      <line num="93" count="7" type="stmt"/>
      <line num="94" count="7" type="stmt"/>
      <line num="95" count="7" type="stmt"/>
      <line num="96" count="7" type="stmt"/>
      <line num="97" count="7" type="cond" truecount="1" falsecount="0"/>
      <line num="98" count="4" type="stmt"/>
      <line num="99" count="4" type="cond" truecount="0" falsecount="1"/>
      <line num="100" count="4" type="stmt"/>
      <line num="101" count="4" type="stmt"/>
      <line num="102" count="4" type="cond" truecount="1" falsecount="0"/>
      <line num="103" count="3" type="stmt"/>
      <line num="104" count="4" type="cond" truecount="1" falsecount="0"/>
      <line num="105" count="1" type="stmt"/>
      <line num="106" count="1" type="stmt"/>
      <line num="107" count="1" type="cond" truecount="1" falsecount="0"/>
      <line num="108" count="2" type="stmt"/>
      <line num="109" count="2" type="stmt"/>
      <line num="110" count="2" type="stmt"/>
      <line num="111" count="2" type="cond" truecount="1" falsecount="0"/>
      <line num="112" count="2" type="stmt"/>
      <line num="113" count="2" type="stmt"/>
      <line num="114" count="4" type="stmt"/>
      <line num="115" count="4" type="cond" truecount="1" falsecount="0"/>
      <line num="116" count="1" type="stmt"/>
      <line num="117" count="1" type="stmt"/>
      <line num="118" count="7" type="stmt"/>
      <line num="119" count="7" type="stmt"/>
      <line num="120" count="7" type="stmt"/>
      <line num="121" count="8" type="cond" truecount="0" falsecount="1"/>
      <line num="122" count="0" type="stmt"/>
      <line num="123" count="0" type="stmt"/>
      <line num="124" count="0" type="stmt"/>
      <line num="125" count="8" type="stmt"/>
      <line num="126" count="12" type="stmt"/>
      <line num="127" count="12" type="stmt"/>
      <line num="128" count="12" type="stmt"/>
      <line num="129" count="12" type="stmt"/>
      <line num="130" count="12" type="stmt"/>
      <line num="131" count="12" type="cond" truecount="1" falsecount="0"/>
      <line num="132" count="12" type="cond" truecount="1" falsecount="0"/>
      <line num="133" count="6" type="stmt"/>
      <line num="134" count="6" type="stmt"/>
      <line num="135" count="6" type="stmt"/>
      <line num="136" count="6" type="stmt"/>
      <line num="137" count="6" type="stmt"/>
      <line num="138" count="6" type="stmt"/>
      <line num="139" count="6" type="stmt"/>
      <line num="140" count="12" type="stmt"/>
      <line num="141" count="12" type="stmt"/>
      <line num="142" count="12" type="stmt"/>
      <line num="143" count="12" type="stmt"/>
      <line num="144" count="12" type="cond" truecount="1" falsecount="0"/>
      <line num="145" count="7" type="stmt"/>
      <line num="146" count="7" type="stmt"/>
      <line num="147" count="7" type="stmt"/>
      <line num="148" count="7" type="stmt"/>
      <line num="149" count="7" type="stmt"/>
      <line num="150" count="7" type="stmt"/>
      <line num="151" count="7" type="stmt"/>
      <line num="152" count="7" type="stmt"/>
      <line num="153" count="7" type="stmt"/>
      <line num="154" count="7" type="stmt"/>
      <line num="155" count="7" type="stmt"/>
      <line num="156" count="12" type="stmt"/>
      <line num="157" count="12" type="stmt"/>
      <line num="158" count="12" type="stmt"/>
      <line num="159" count="12" type="stmt"/>
      <line num="160" count="12" type="stmt"/>
      <line num="161" count="12" type="stmt"/>
      <line num="162" count="12" type="stmt"/>
      <line num="163" count="12" type="cond" truecount="1" falsecount="0"/>
      <line num="164" count="16" type="cond" truecount="0" falsecount="1"/>
      <line num="165" count="0" type="stmt"/>
      <line num="166" count="0" type="stmt"/>
      <line num="167" count="16" type="stmt"/>
      <line num="168" count="16" type="stmt"/>
      <line num="169" count="16" type="stmt"/>
      <line num="170" count="16" type="stmt"/>
      <line num="171" count="16" type="stmt"/>
      <line num="172" count="16" type="stmt"/>
      <line num="173" count="16" type="stmt"/>
      <line num="174" count="12" type="stmt"/>
    </file>
  </project>
</coverage>
