{"/workspaces/sample-job-manager/task-service/src/app/lib/worker-manager.js": {"path":"/workspaces/sample-job-manager/task-service/src/app/lib/worker-manager.js","all":false,"statementMap":{"0":{"start":{"line":1,"column":0},"end":{"line":1,"column":87}},"1":{"start":{"line":2,"column":0},"end":{"line":2,"column":0}},"2":{"start":{"line":3,"column":0},"end":{"line":3,"column":27}},"3":{"start":{"line":4,"column":0},"end":{"line":4,"column":29}},"4":{"start":{"line":5,"column":0},"end":{"line":5,"column":23}},"5":{"start":{"line":6,"column":0},"end":{"line":6,"column":23}},"6":{"start":{"line":7,"column":0},"end":{"line":7,"column":23}},"7":{"start":{"line":8,"column":0},"end":{"line":8,"column":2}},"8":{"start":{"line":9,"column":0},"end":{"line":9,"column":0}},"9":{"start":{"line":10,"column":0},"end":{"line":10,"column":51}},"10":{"start":{"line":11,"column":0},"end":{"line":11,"column":31}},"11":{"start":{"line":12,"column":0},"end":{"line":12,"column":50}},"12":{"start":{"line":13,"column":0},"end":{"line":13,"column":42}},"13":{"start":{"line":14,"column":0},"end":{"line":14,"column":31}},"14":{"start":{"line":15,"column":0},"end":{"line":15,"column":31}},"15":{"start":{"line":16,"column":0},"end":{"line":16,"column":42}},"16":{"start":{"line":17,"column":0},"end":{"line":17,"column":2}},"17":{"start":{"line":18,"column":0},"end":{"line":18,"column":0}},"18":{"start":{"line":19,"column":0},"end":{"line":19,"column":3}},"19":{"start":{"line":20,"column":0},"end":{"line":20,"column":37}},"20":{"start":{"line":21,"column":0},"end":{"line":21,"column":75}},"21":{"start":{"line":22,"column":0},"end":{"line":22,"column":57}},"22":{"start":{"line":23,"column":0},"end":{"line":23,"column":64}},"23":{"start":{"line":24,"column":0},"end":{"line":24,"column":3}},"24":{"start":{"line":25,"column":0},"end":{"line":25,"column":33}},"25":{"start":{"line":26,"column":0},"end":{"line":26,"column":21}},"26":{"start":{"line":27,"column":0},"end":{"line":27,"column":33}},"27":{"start":{"line":28,"column":0},"end":{"line":28,"column":40}},"28":{"start":{"line":29,"column":0},"end":{"line":29,"column":2}},"29":{"start":{"line":30,"column":0},"end":{"line":30,"column":0}},"30":{"start":{"line":31,"column":0},"end":{"line":31,"column":3}},"31":{"start":{"line":32,"column":0},"end":{"line":32,"column":40}},"32":{"start":{"line":33,"column":0},"end":{"line":33,"column":100}},"33":{"start":{"line":34,"column":0},"end":{"line":34,"column":81}},"34":{"start":{"line":35,"column":0},"end":{"line":35,"column":3}},"35":{"start":{"line":36,"column":0},"end":{"line":36,"column":36}},"36":{"start":{"line":37,"column":0},"end":{"line":37,"column":29}},"37":{"start":{"line":38,"column":0},"end":{"line":38,"column":19}},"38":{"start":{"line":39,"column":0},"end":{"line":39,"column":2}},"39":{"start":{"line":40,"column":0},"end":{"line":40,"column":0}},"40":{"start":{"line":41,"column":0},"end":{"line":41,"column":3}},"41":{"start":{"line":42,"column":0},"end":{"line":42,"column":73}},"42":{"start":{"line":43,"column":0},"end":{"line":43,"column":61}},"43":{"start":{"line":44,"column":0},"end":{"line":44,"column":3}},"44":{"start":{"line":45,"column":0},"end":{"line":45,"column":28}},"45":{"start":{"line":46,"column":0},"end":{"line":46,"column":33}},"46":{"start":{"line":47,"column":0},"end":{"line":47,"column":47}},"47":{"start":{"line":48,"column":0},"end":{"line":48,"column":35}},"48":{"start":{"line":49,"column":0},"end":{"line":49,"column":44}},"49":{"start":{"line":50,"column":0},"end":{"line":50,"column":34}},"50":{"start":{"line":51,"column":0},"end":{"line":51,"column":68}},"51":{"start":{"line":52,"column":0},"end":{"line":52,"column":25}},"52":{"start":{"line":53,"column":0},"end":{"line":53,"column":61}},"53":{"start":{"line":54,"column":0},"end":{"line":54,"column":40}},"54":{"start":{"line":55,"column":0},"end":{"line":55,"column":44}},"55":{"start":{"line":56,"column":0},"end":{"line":56,"column":0}},"56":{"start":{"line":57,"column":0},"end":{"line":57,"column":7}},"57":{"start":{"line":58,"column":0},"end":{"line":58,"column":93}},"58":{"start":{"line":59,"column":0},"end":{"line":59,"column":7}},"59":{"start":{"line":60,"column":0},"end":{"line":60,"column":25}},"60":{"start":{"line":61,"column":0},"end":{"line":61,"column":58}},"61":{"start":{"line":62,"column":0},"end":{"line":62,"column":69}},"62":{"start":{"line":63,"column":0},"end":{"line":63,"column":9}},"63":{"start":{"line":64,"column":0},"end":{"line":64,"column":0}},"64":{"start":{"line":65,"column":0},"end":{"line":65,"column":69}},"65":{"start":{"line":66,"column":0},"end":{"line":66,"column":47}},"66":{"start":{"line":67,"column":0},"end":{"line":67,"column":53}},"67":{"start":{"line":68,"column":0},"end":{"line":68,"column":74}},"68":{"start":{"line":69,"column":0},"end":{"line":69,"column":32}},"69":{"start":{"line":70,"column":0},"end":{"line":70,"column":5}},"70":{"start":{"line":71,"column":0},"end":{"line":71,"column":0}},"71":{"start":{"line":72,"column":0},"end":{"line":72,"column":7}},"72":{"start":{"line":73,"column":0},"end":{"line":73,"column":50}},"73":{"start":{"line":74,"column":0},"end":{"line":74,"column":70}},"74":{"start":{"line":75,"column":0},"end":{"line":75,"column":7}},"75":{"start":{"line":76,"column":0},"end":{"line":76,"column":23}},"76":{"start":{"line":77,"column":0},"end":{"line":77,"column":35}},"77":{"start":{"line":78,"column":0},"end":{"line":78,"column":5}},"78":{"start":{"line":79,"column":0},"end":{"line":79,"column":0}},"79":{"start":{"line":80,"column":0},"end":{"line":80,"column":7}},"80":{"start":{"line":81,"column":0},"end":{"line":81,"column":25}},"81":{"start":{"line":82,"column":0},"end":{"line":82,"column":70}},"82":{"start":{"line":83,"column":0},"end":{"line":83,"column":7}},"83":{"start":{"line":84,"column":0},"end":{"line":84,"column":19}},"84":{"start":{"line":85,"column":0},"end":{"line":85,"column":37}},"85":{"start":{"line":86,"column":0},"end":{"line":86,"column":56}},"86":{"start":{"line":87,"column":0},"end":{"line":87,"column":80}},"87":{"start":{"line":88,"column":0},"end":{"line":88,"column":9}},"88":{"start":{"line":89,"column":0},"end":{"line":89,"column":0}},"89":{"start":{"line":90,"column":0},"end":{"line":90,"column":0}},"90":{"start":{"line":91,"column":0},"end":{"line":91,"column":13}},"91":{"start":{"line":92,"column":0},"end":{"line":92,"column":40}},"92":{"start":{"line":93,"column":0},"end":{"line":93,"column":80}},"93":{"start":{"line":94,"column":0},"end":{"line":94,"column":48}},"94":{"start":{"line":95,"column":0},"end":{"line":95,"column":0}},"95":{"start":{"line":96,"column":0},"end":{"line":96,"column":65}},"96":{"start":{"line":97,"column":0},"end":{"line":97,"column":56}},"97":{"start":{"line":98,"column":0},"end":{"line":98,"column":21}},"98":{"start":{"line":99,"column":0},"end":{"line":99,"column":56}},"99":{"start":{"line":100,"column":0},"end":{"line":100,"column":0}},"100":{"start":{"line":101,"column":0},"end":{"line":101,"column":72}},"101":{"start":{"line":102,"column":0},"end":{"line":102,"column":64}},"102":{"start":{"line":103,"column":0},"end":{"line":103,"column":0}},"103":{"start":{"line":104,"column":0},"end":{"line":104,"column":39}},"104":{"start":{"line":105,"column":0},"end":{"line":105,"column":51}},"105":{"start":{"line":106,"column":0},"end":{"line":106,"column":31}},"106":{"start":{"line":107,"column":0},"end":{"line":107,"column":21}},"107":{"start":{"line":108,"column":0},"end":{"line":108,"column":0}},"108":{"start":{"line":109,"column":0},"end":{"line":109,"column":71}},"109":{"start":{"line":110,"column":0},"end":{"line":110,"column":109}},"110":{"start":{"line":111,"column":0},"end":{"line":111,"column":85}},"111":{"start":{"line":112,"column":0},"end":{"line":112,"column":80}},"112":{"start":{"line":113,"column":0},"end":{"line":113,"column":21}},"113":{"start":{"line":114,"column":0},"end":{"line":114,"column":0}},"114":{"start":{"line":115,"column":0},"end":{"line":115,"column":33}},"115":{"start":{"line":116,"column":0},"end":{"line":116,"column":63}},"116":{"start":{"line":117,"column":0},"end":{"line":117,"column":17}},"117":{"start":{"line":118,"column":0},"end":{"line":118,"column":31}},"118":{"start":{"line":119,"column":0},"end":{"line":119,"column":0}},"119":{"start":{"line":120,"column":0},"end":{"line":120,"column":39}},"120":{"start":{"line":121,"column":0},"end":{"line":121,"column":25}},"121":{"start":{"line":122,"column":0},"end":{"line":122,"column":55}},"122":{"start":{"line":123,"column":0},"end":{"line":123,"column":24}},"123":{"start":{"line":124,"column":0},"end":{"line":124,"column":9}},"124":{"start":{"line":125,"column":0},"end":{"line":125,"column":5}},"125":{"start":{"line":126,"column":0},"end":{"line":126,"column":0}},"126":{"start":{"line":127,"column":0},"end":{"line":127,"column":7}},"127":{"start":{"line":128,"column":0},"end":{"line":128,"column":48}},"128":{"start":{"line":129,"column":0},"end":{"line":129,"column":70}},"129":{"start":{"line":130,"column":0},"end":{"line":130,"column":7}},"130":{"start":{"line":131,"column":0},"end":{"line":131,"column":18}},"131":{"start":{"line":132,"column":0},"end":{"line":132,"column":38}},"132":{"start":{"line":133,"column":0},"end":{"line":133,"column":52}},"133":{"start":{"line":134,"column":0},"end":{"line":134,"column":76}},"134":{"start":{"line":135,"column":0},"end":{"line":135,"column":9}},"135":{"start":{"line":136,"column":0},"end":{"line":136,"column":0}},"136":{"start":{"line":137,"column":0},"end":{"line":137,"column":35}},"137":{"start":{"line":138,"column":0},"end":{"line":138,"column":36}},"138":{"start":{"line":139,"column":0},"end":{"line":139,"column":5}},"139":{"start":{"line":140,"column":0},"end":{"line":140,"column":0}},"140":{"start":{"line":141,"column":0},"end":{"line":141,"column":7}},"141":{"start":{"line":142,"column":0},"end":{"line":142,"column":70}},"142":{"start":{"line":143,"column":0},"end":{"line":143,"column":7}},"143":{"start":{"line":144,"column":0},"end":{"line":144,"column":27}},"144":{"start":{"line":145,"column":0},"end":{"line":145,"column":31}},"145":{"start":{"line":146,"column":0},"end":{"line":146,"column":44}},"146":{"start":{"line":147,"column":0},"end":{"line":147,"column":36}},"147":{"start":{"line":148,"column":0},"end":{"line":148,"column":9}},"148":{"start":{"line":149,"column":0},"end":{"line":149,"column":0}},"149":{"start":{"line":150,"column":0},"end":{"line":150,"column":36}},"150":{"start":{"line":151,"column":0},"end":{"line":151,"column":77}},"151":{"start":{"line":152,"column":0},"end":{"line":152,"column":44}},"152":{"start":{"line":153,"column":0},"end":{"line":153,"column":0}},"153":{"start":{"line":154,"column":0},"end":{"line":154,"column":35}},"154":{"start":{"line":155,"column":0},"end":{"line":155,"column":5}},"155":{"start":{"line":156,"column":0},"end":{"line":156,"column":0}},"156":{"start":{"line":157,"column":0},"end":{"line":157,"column":7}},"157":{"start":{"line":158,"column":0},"end":{"line":158,"column":42}},"158":{"start":{"line":159,"column":0},"end":{"line":159,"column":76}},"159":{"start":{"line":160,"column":0},"end":{"line":160,"column":64}},"160":{"start":{"line":161,"column":0},"end":{"line":161,"column":65}},"161":{"start":{"line":162,"column":0},"end":{"line":162,"column":7}},"162":{"start":{"line":163,"column":0},"end":{"line":163,"column":44}},"163":{"start":{"line":164,"column":0},"end":{"line":164,"column":60}},"164":{"start":{"line":165,"column":0},"end":{"line":165,"column":57}},"165":{"start":{"line":166,"column":0},"end":{"line":166,"column":9}},"166":{"start":{"line":167,"column":0},"end":{"line":167,"column":0}},"167":{"start":{"line":168,"column":0},"end":{"line":168,"column":24}},"168":{"start":{"line":169,"column":0},"end":{"line":169,"column":22}},"169":{"start":{"line":170,"column":0},"end":{"line":170,"column":19}},"170":{"start":{"line":171,"column":0},"end":{"line":171,"column":20}},"171":{"start":{"line":172,"column":0},"end":{"line":172,"column":10}},"172":{"start":{"line":173,"column":0},"end":{"line":173,"column":5}},"173":{"start":{"line":174,"column":0},"end":{"line":174,"column":1}}},"s":{"0":1,"1":1,"2":1,"3":1,"4":1,"5":1,"6":1,"7":1,"8":1,"9":1,"10":1,"11":1,"12":1,"13":1,"14":1,"15":1,"16":1,"17":1,"18":1,"19":1,"20":1,"21":1,"22":1,"23":1,"24":1,"25":1,"26":1,"27":1,"28":1,"29":1,"30":1,"31":1,"32":1,"33":1,"34":1,"35":1,"36":1,"37":1,"38":1,"39":1,"40":1,"41":1,"42":1,"43":1,"44":1,"45":12,"46":12,"47":12,"48":12,"49":12,"50":12,"51":12,"52":12,"53":12,"54":12,"55":12,"56":12,"57":12,"58":12,"59":12,"60":12,"61":2,"62":2,"63":10,"64":10,"65":12,"66":12,"67":12,"68":12,"69":12,"70":12,"71":12,"72":12,"73":12,"74":12,"75":12,"76":7,"77":7,"78":12,"79":12,"80":12,"81":12,"82":12,"83":12,"84":8,"85":1,"86":1,"87":1,"88":7,"89":7,"90":7,"91":7,"92":7,"93":7,"94":7,"95":7,"96":7,"97":4,"98":4,"99":4,"100":4,"101":4,"102":3,"103":4,"104":1,"105":1,"106":1,"107":2,"108":2,"109":2,"110":2,"111":2,"112":2,"113":4,"114":4,"115":1,"116":1,"117":7,"118":7,"119":7,"120":8,"121":0,"122":0,"123":0,"124":8,"125":12,"126":12,"127":12,"128":12,"129":12,"130":12,"131":12,"132":6,"133":6,"134":6,"135":6,"136":6,"137":6,"138":6,"139":12,"140":12,"141":12,"142":12,"143":12,"144":7,"145":7,"146":7,"147":7,"148":7,"149":7,"150":7,"151":7,"152":7,"153":7,"154":7,"155":12,"156":12,"157":12,"158":12,"159":12,"160":12,"161":12,"162":12,"163":16,"164":0,"165":0,"166":16,"167":16,"168":16,"169":16,"170":16,"171":16,"172":16,"173":12},"branchMap":{"0":{"type":"branch","line":45,"loc":{"start":{"line":45,"column":13},"end":{"line":174,"column":1}},"locations":[{"start":{"line":45,"column":13},"end":{"line":174,"column":1}}]},"1":{"type":"branch","line":60,"loc":{"start":{"line":60,"column":4},"end":{"line":70,"column":5}},"locations":[{"start":{"line":60,"column":4},"end":{"line":70,"column":5}}]},"2":{"type":"branch","line":61,"loc":{"start":{"line":61,"column":57},"end":{"line":63,"column":9}},"locations":[{"start":{"line":61,"column":57},"end":{"line":63,"column":9}}]},"3":{"type":"branch","line":63,"loc":{"start":{"line":63,"column":8},"end":{"line":65,"column":69}},"locations":[{"start":{"line":63,"column":8},"end":{"line":65,"column":69}}]},"4":{"type":"branch","line":76,"loc":{"start":{"line":76,"column":4},"end":{"line":78,"column":5}},"locations":[{"start":{"line":76,"column":4},"end":{"line":78,"column":5}}]},"5":{"type":"branch","line":84,"loc":{"start":{"line":84,"column":4},"end":{"line":125,"column":5}},"locations":[{"start":{"line":84,"column":4},"end":{"line":125,"column":5}}]},"6":{"type":"branch","line":85,"loc":{"start":{"line":85,"column":36},"end":{"line":88,"column":9}},"locations":[{"start":{"line":85,"column":36},"end":{"line":88,"column":9}}]},"7":{"type":"branch","line":88,"loc":{"start":{"line":88,"column":8},"end":{"line":121,"column":10}},"locations":[{"start":{"line":88,"column":8},"end":{"line":121,"column":10}}]},"8":{"type":"branch","line":121,"loc":{"start":{"line":121,"column":10},"end":{"line":124,"column":9}},"locations":[{"start":{"line":121,"column":10},"end":{"line":124,"column":9}}]},"9":{"type":"branch","line":97,"loc":{"start":{"line":97,"column":43},"end":{"line":118,"column":15}},"locations":[{"start":{"line":97,"column":43},"end":{"line":118,"column":15}}]},"10":{"type":"branch","line":99,"loc":{"start":{"line":99,"column":49},"end":{"line":99,"column":56}},"locations":[{"start":{"line":99,"column":49},"end":{"line":99,"column":56}}]},"11":{"type":"branch","line":102,"loc":{"start":{"line":102,"column":61},"end":{"line":104,"column":38}},"locations":[{"start":{"line":102,"column":61},"end":{"line":104,"column":38}}]},"12":{"type":"branch","line":104,"loc":{"start":{"line":104,"column":38},"end":{"line":107,"column":21}},"locations":[{"start":{"line":104,"column":38},"end":{"line":107,"column":21}}]},"13":{"type":"branch","line":107,"loc":{"start":{"line":107,"column":20},"end":{"line":113,"column":21}},"locations":[{"start":{"line":107,"column":20},"end":{"line":113,"column":21}}]},"14":{"type":"branch","line":111,"loc":{"start":{"line":111,"column":51},"end":{"line":111,"column":84}},"locations":[{"start":{"line":111,"column":51},"end":{"line":111,"column":84}}]},"15":{"type":"branch","line":115,"loc":{"start":{"line":115,"column":18},"end":{"line":117,"column":17}},"locations":[{"start":{"line":115,"column":18},"end":{"line":117,"column":17}}]},"16":{"type":"branch","line":131,"loc":{"start":{"line":131,"column":4},"end":{"line":139,"column":5}},"locations":[{"start":{"line":131,"column":4},"end":{"line":139,"column":5}}]},"17":{"type":"branch","line":132,"loc":{"start":{"line":132,"column":37},"end":{"line":139,"column":5}},"locations":[{"start":{"line":132,"column":37},"end":{"line":139,"column":5}}]},"18":{"type":"branch","line":144,"loc":{"start":{"line":144,"column":4},"end":{"line":155,"column":5}},"locations":[{"start":{"line":144,"column":4},"end":{"line":155,"column":5}}]},"19":{"type":"branch","line":163,"loc":{"start":{"line":163,"column":4},"end":{"line":173,"column":5}},"locations":[{"start":{"line":163,"column":4},"end":{"line":173,"column":5}}]},"20":{"type":"branch","line":164,"loc":{"start":{"line":164,"column":59},"end":{"line":166,"column":9}},"locations":[{"start":{"line":164,"column":59},"end":{"line":166,"column":9}}]}},"b":{"0":[12],"1":[12],"2":[2],"3":[10],"4":[7],"5":[8],"6":[1],"7":[7],"8":[0],"9":[4],"10":[0],"11":[3],"12":[1],"13":[2],"14":[1],"15":[1],"16":[12],"17":[6],"18":[7],"19":[16],"20":[0]},"fnMap":{"0":{"name":"<instance_members_initializer>","decl":{"start":{"line":45,"column":13},"end":{"line":174,"column":1}},"loc":{"start":{"line":45,"column":13},"end":{"line":174,"column":1}},"line":45},"1":{"name":"WorkerManager","decl":{"start":{"line":60,"column":4},"end":{"line":70,"column":5}},"loc":{"start":{"line":60,"column":4},"end":{"line":70,"column":5}},"line":60},"2":{"name":"getStatus","decl":{"start":{"line":76,"column":4},"end":{"line":78,"column":5}},"loc":{"start":{"line":76,"column":4},"end":{"line":78,"column":5}},"line":76},"3":{"name":"start","decl":{"start":{"line":84,"column":4},"end":{"line":125,"column":5}},"loc":{"start":{"line":84,"column":4},"end":{"line":125,"column":5}},"line":84},"4":{"name":"stop","decl":{"start":{"line":131,"column":4},"end":{"line":139,"column":5}},"loc":{"start":{"line":131,"column":4},"end":{"line":139,"column":5}},"line":131},"5":{"name":"#internalStop","decl":{"start":{"line":144,"column":4},"end":{"line":155,"column":5}},"loc":{"start":{"line":144,"column":4},"end":{"line":155,"column":5}},"line":144},"6":{"name":"#setStatus","decl":{"start":{"line":163,"column":4},"end":{"line":173,"column":5}},"loc":{"start":{"line":163,"column":4},"end":{"line":173,"column":5}},"line":163}},"f":{"0":12,"1":12,"2":7,"3":8,"4":12,"5":7,"6":16}}
}
