TN:
SF:src/app/lib/worker-manager.js
FN:45,<instance_members_initializer>
FN:60,WorkerManager
FN:76,getStatus
FN:84,start
FN:131,stop
FN:144,#internalStop
FN:163,#setStatus
FNF:7
FNH:7
FNDA:12,<instance_members_initializer>
FNDA:12,WorkerManager
FNDA:7,getStatus
FNDA:8,start
FNDA:12,stop
FNDA:7,#internalStop
FNDA:16,#setStatus
DA:1,1
DA:2,1
DA:3,1
DA:4,1
DA:5,1
DA:6,1
DA:7,1
DA:8,1
DA:9,1
DA:10,1
DA:11,1
DA:12,1
DA:13,1
DA:14,1
DA:15,1
DA:16,1
DA:17,1
DA:18,1
DA:19,1
DA:20,1
DA:21,1
DA:22,1
DA:23,1
DA:24,1
DA:25,1
DA:26,1
DA:27,1
DA:28,1
DA:29,1
DA:30,1
DA:31,1
DA:32,1
DA:33,1
DA:34,1
DA:35,1
DA:36,1
DA:37,1
DA:38,1
DA:39,1
DA:40,1
DA:41,1
DA:42,1
DA:43,1
DA:44,1
DA:45,1
DA:46,12
DA:47,12
DA:48,12
DA:49,12
DA:50,12
DA:51,12
DA:52,12
DA:53,12
DA:54,12
DA:55,12
DA:56,12
DA:57,12
DA:58,12
DA:59,12
DA:60,12
DA:61,12
DA:62,2
DA:63,2
DA:64,10
DA:65,10
DA:66,12
DA:67,12
DA:68,12
DA:69,12
DA:70,12
DA:71,12
DA:72,12
DA:73,12
DA:74,12
DA:75,12
DA:76,12
DA:77,7
DA:78,7
DA:79,12
DA:80,12
DA:81,12
DA:82,12
DA:83,12
DA:84,12
DA:85,8
DA:86,1
DA:87,1
DA:88,1
DA:89,7
DA:90,7
DA:91,7
DA:92,7
DA:93,7
DA:94,7
DA:95,7
DA:96,7
DA:97,7
DA:98,4
DA:99,4
DA:100,4
DA:101,4
DA:102,4
DA:103,3
DA:104,4
DA:105,1
DA:106,1
DA:107,1
DA:108,2
DA:109,2
DA:110,2
DA:111,2
DA:112,2
DA:113,2
DA:114,4
DA:115,4
DA:116,1
DA:117,1
DA:118,7
DA:119,7
DA:120,7
DA:121,8
DA:122,0
DA:123,0
DA:124,0
DA:125,8
DA:126,12
DA:127,12
DA:128,12
DA:129,12
DA:130,12
DA:131,12
DA:132,12
DA:133,6
DA:134,6
DA:135,6
DA:136,6
DA:137,6
DA:138,6
DA:139,6
DA:140,12
DA:141,12
DA:142,12
DA:143,12
DA:144,12
DA:145,7
DA:146,7
DA:147,7
DA:148,7
DA:149,7
DA:150,7
DA:151,7
DA:152,7
DA:153,7
DA:154,7
DA:155,7
DA:156,12
DA:157,12
DA:158,12
DA:159,12
DA:160,12
DA:161,12
DA:162,12
DA:163,12
DA:164,16
DA:165,0
DA:166,0
DA:167,16
DA:168,16
DA:169,16
DA:170,16
DA:171,16
DA:172,16
DA:173,16
DA:174,12
LF:174
LH:169
BRDA:45,0,0,12
BRDA:60,1,0,12
BRDA:61,2,0,2
BRDA:63,3,0,10
BRDA:76,4,0,7
BRDA:84,5,0,8
BRDA:85,6,0,1
BRDA:88,7,0,7
BRDA:121,8,0,0
BRDA:97,9,0,4
BRDA:99,10,0,0
BRDA:102,11,0,3
BRDA:104,12,0,1
BRDA:107,13,0,2
BRDA:111,14,0,1
BRDA:115,15,0,1
BRDA:131,16,0,12
BRDA:132,17,0,6
BRDA:144,18,0,7
BRDA:163,19,0,16
BRDA:164,20,0,0
BRF:21
BRH:18
end_of_record
